TN:
SF:OperacoesAritmeticas.js
FN:1,(anonymous_0)
FN:8,(anonymous_1)
FN:15,(anonymous_2)
FN:22,(anonymous_3)
FNF:4
FNH:4
FNDA:1,(anonymous_0)
FNDA:1,(anonymous_1)
FNDA:1,(anonymous_2)
FNDA:1,(anonymous_3)
DA:1,1
DA:2,1
DA:8,1
DA:9,1
DA:15,1
DA:16,1
DA:22,1
DA:23,1
DA:27,1
LF:9
LH:9
BRF:0
BRH:0
end_of_record
TN:
SF:app.js
FN:11,(anonymous_0)
FN:15,(anonymous_1)
FN:37,(anonymous_2)
FN:56,(anonymous_3)
FNF:4
FNH:4
FNDA:1,(anonymous_0)
FNDA:2,(anonymous_1)
FNDA:2,(anonymous_2)
FNDA:2,(anonymous_3)
DA:1,1
DA:2,1
DA:3,1
DA:5,1
DA:8,1
DA:9,1
DA:11,1
DA:12,1
DA:15,1
DA:16,2
DA:17,2
DA:23,2
DA:24,2
DA:25,1
DA:27,1
DA:30,1
DA:31,1
DA:37,1
DA:38,2
DA:39,2
DA:40,2
DA:44,2
DA:45,1
DA:47,1
DA:50,1
DA:51,1
DA:56,1
DA:57,2
DA:58,2
DA:59,2
DA:60,2
DA:63,2
DA:64,1
DA:66,1
DA:69,1
DA:70,1
DA:76,1
LF:37
LH:37
BRDA:24,0,0,1
BRDA:24,0,1,1
BRDA:44,1,0,1
BRDA:44,1,1,1
BRDA:63,2,0,1
BRDA:63,2,1,1
BRF:6
BRH:6
end_of_record
TN:
SF:sum.js
FN:1,(anonymous_0)
FNF:1
FNH:1
FNDA:2,(anonymous_0)
DA:1,1
DA:2,2
DA:6,1
LF:3
LH:3
BRF:0
BRH:0
end_of_record
TN:
SF:database\database.local.js
FN:6,gravarDados
FN:12,buscaTodosDados
FN:16,buscaDados
FNF:3
FNH:0
FNDA:0,gravarDados
FNDA:0,buscaTodosDados
FNDA:0,buscaDados
DA:3,1
DA:4,1
DA:7,0
DA:8,0
DA:9,0
DA:13,0
DA:17,0
DA:20,1
LF:8
LH:3
BRF:0
BRH:0
end_of_record
